<?xml version="1.0" encoding="UTF-8"?>
<!-- Generated by org.testng.reporters.JUnitReportReporter -->
<testsuite hostname="SSReddy" failures="0" tests="2" name="com.obs.tests.A12BannerMessageForTransfer" time="-1742028672.000" errors="1" timestamp="2025-03-15T14:22:13 IST" skipped="1">
  <testcase classname="com.obs.tests.A12BannerMessageForTransfer" name="Validate_BannerMessage_For_Transfer" time="0.000">
    <skipped/>
  </testcase> <!-- Validate_BannerMessage_For_Transfer -->
  <system-out/>
  <testcase classname="com.obs.tests.A12BannerMessageForTransfer" name="launch" time="-1742028672.000">
    <error message="
Parameter &#039;Browser&#039; is required by BeforeMethod on method launch but has not been marked @Optional or defined
in C:\Users\DELL\git\BakingApplication\BakingApplication\testng1.xml" type="org.testng.TestNGException">
      <![CDATA[org.testng.TestNGException: 
Parameter 'Browser' is required by BeforeMethod on method launch but has not been marked @Optional or defined
in C:\Users\DELL\git\BakingApplication\BakingApplication\testng1.xml
at org.testng.internal.Parameters.createParams(Parameters.java:267)
at org.testng.internal.Parameters.createParametersForMethod(Parameters.java:355)
at org.testng.internal.Parameters.createParameters(Parameters.java:684)
at org.testng.internal.Parameters.createConfigurationParameters(Parameters.java:166)
at org.testng.internal.invokers.ConfigInvoker.invokeConfigurations(ConfigInvoker.java:277)
at org.testng.internal.invokers.TestInvoker.runConfigMethods(TestInvoker.java:823)
at org.testng.internal.invokers.TestInvoker.invokeMethod(TestInvoker.java:590)
at org.testng.internal.invokers.TestInvoker.invokeTestMethod(TestInvoker.java:221)
at org.testng.internal.invokers.MethodRunner.runInSequence(MethodRunner.java:50)
at org.testng.internal.invokers.TestInvoker$MethodInvocationAgent.invoke(TestInvoker.java:969)
at org.testng.internal.invokers.TestInvoker.invokeTestMethods(TestInvoker.java:194)
at org.testng.internal.invokers.TestMethodWorker.invokeTestMethods(TestMethodWorker.java:148)
at org.testng.internal.invokers.TestMethodWorker.run(TestMethodWorker.java:128)
at java.base/java.util.concurrent.ThreadPoolExecutor.runWorker(ThreadPoolExecutor.java:1128)
at java.base/java.util.concurrent.ThreadPoolExecutor$Worker.run(ThreadPoolExecutor.java:628)
at java.base/java.lang.Thread.run(Thread.java:834)
]]>
    </error>
  </testcase> <!-- launch -->
  <system-out/>
</testsuite> <!-- com.obs.tests.A12BannerMessageForTransfer -->
